<?xml version="1.0" encoding="UTF-8"?>
<!-- Generated by org.testng.reporters.JUnitReportReporter -->
<testsuite hostname="MUM-LAP-409" failures="0" tests="1" name="com.sharepoint.qa.runner.MyTestNgRunnerTest" time="68.718" errors="0" timestamp="23 Oct 2019 08:08:00 GMT" skipped="0">
  <testcase classname="com.sharepoint.qa.runner.MyTestNgRunnerTest" name="runScenario" time="68.718"/>
</testsuite> <!-- com.sharepoint.qa.runner.MyTestNgRunnerTest -->
