<?xml version="1.0" encoding="UTF-8"?>
<!-- Generated by org.testng.reporters.JUnitReportReporter -->
<testsuite hostname="MUM-LAP-409" failures="0" tests="1" name="com.sharepoint.qa.runner.MyTestNgRunnerTest" time="111.894" errors="0" timestamp="01 Nov 2019 19:35:19 GMT" skipped="0">
  <testcase classname="com.sharepoint.qa.runner.MyTestNgRunnerTest" name="runScenario" time="111.894"/>
</testsuite> <!-- com.sharepoint.qa.runner.MyTestNgRunnerTest -->
